<?xml version="1.0" encoding="UTF-8"?>
<!-- Generated by org.testng.reporters.JUnitXMLReporter -->
<testsuite ignored="0" hostname="DESKTOP-9IG30VI" failures="0" tests="4" name="Default test" time="83.357" errors="0" timestamp="24 May 2022 14:51:06 GMT">
  <testcase classname="com.testquote.QuoteTest" name="testExcelRead" time="1.776"/>
  <testcase classname="com.testquote.QuoteTest" name="testFirstPageRandom" time="2.386"/>
  <testcase classname="com.testquote.QuoteTest" name="testQuote" time="28.255"/>
  <testcase classname="com.testquote.QuoteTest" name="testQuoteFail" time="3.342"/>
</testsuite> <!-- Default test -->
