<?xml version="1.0" encoding="UTF-8"?>
<!-- Generated by org.testng.reporters.JUnitXMLReporter -->
<testsuite ignored="0" hostname="DESKTOP-9IG30VI" failures="0" tests="4" name="Default test" time="104.079" errors="0" timestamp="26 May 2022 23:31:41 GMT">
  <testcase classname="com.testquote.QuoteTest" name="testExcelRead" time="2.613"/>
  <testcase classname="com.testquote.QuoteTest" name="testFirstPageRandom" time="3.556"/>
  <testcase classname="com.testquote.QuoteTest" name="testQuote" time="34.895"/>
  <testcase classname="com.testquote.QuoteTest" name="testQuoteFail" time="3.899"/>
</testsuite> <!-- Default test -->
